2025-04-04 05:23:54.157615 - Received CBT.V508.FILE168.PDS from FILE168.XMI 
2025-04-04 05:23:54.159482 - Found $$$#DATE.txt (text/plain) in CBT.V508.FILE168.PDS, moved to PDS/$$$#DATE
2025-04-04 05:23:54.159631 - Found $DOC.txt (text/plain) in CBT.V508.FILE168.PDS, moved to PDS/$DOC
2025-04-04 05:23:54.159801 - Found @FILE168.txt (text/plain) in CBT.V508.FILE168.PDS, moved to PDS/@FILE168
2025-04-04 05:23:54.159962 - Found ASMH.txt (text/plain) in CBT.V508.FILE168.PDS, moved to PDS/ASMH
2025-04-04 05:23:54.160090 - Found ASMH$.jcl (text/plain) in CBT.V508.FILE168.PDS, moved to PDS/ASMH$
2025-04-04 05:23:54.160227 - Found ASMH#.txt (text/plain) in CBT.V508.FILE168.PDS, moved to PDS/ASMH#
2025-04-04 05:23:54.160395 - Found CATPW.txt (text/plain) in CBT.V508.FILE168.PDS, moved to PDS/CATPW
2025-04-04 05:23:54.160526 - Found COPYPDS.txt (text/plain) in CBT.V508.FILE168.PDS, moved to PDS/COPYPDS
2025-04-04 05:23:54.160640 - Found COPYPDS$.jcl (text/plain) in CBT.V508.FILE168.PDS, moved to PDS/COPYPDS$
2025-04-04 05:23:54.160754 - Found COPYPDS#.txt (text/plain) in CBT.V508.FILE168.PDS, moved to PDS/COPYPDS#
2025-04-04 05:23:54.160863 - Found CUTC01.txt (text/plain) in CBT.V508.FILE168.PDS, moved to PDS/CUTC01
2025-04-04 05:23:54.160978 - Found CUTC02.txt (text/plain) in CBT.V508.FILE168.PDS, moved to PDS/CUTC02
2025-04-04 05:23:54.161091 - Found CUTDOC.txt (text/plain) in CBT.V508.FILE168.PDS, moved to PDS/CUTDOC
2025-04-04 05:23:54.161221 - Found CUTD01.txt (text/plain) in CBT.V508.FILE168.PDS, moved to PDS/CUTD01
2025-04-04 05:23:54.161332 - Found CUTD02.txt (text/plain) in CBT.V508.FILE168.PDS, moved to PDS/CUTD02
2025-04-04 05:23:54.161459 - Found CUTH01.txt (text/plain) in CBT.V508.FILE168.PDS, moved to PDS/CUTH01
2025-04-04 05:23:54.161583 - Found CUTH02.txt (text/plain) in CBT.V508.FILE168.PDS, moved to PDS/CUTH02
2025-04-04 05:23:54.161732 - Found CUTJ01.jcl (text/plain) in CBT.V508.FILE168.PDS, moved to PDS/CUTJ01
2025-04-04 05:23:54.161846 - Found CUTJ02.jcl (text/plain) in CBT.V508.FILE168.PDS, moved to PDS/CUTJ02
2025-04-04 05:23:54.161970 - Found CUTL01.txt (text/plain) in CBT.V508.FILE168.PDS, moved to PDS/CUTL01
2025-04-04 05:23:54.162112 - Found CUTL02.txt (text/plain) in CBT.V508.FILE168.PDS, moved to PDS/CUTL02
2025-04-04 05:23:54.162279 - Found CVD.txt (text/plain) in CBT.V508.FILE168.PDS, moved to PDS/CVD
2025-04-04 05:23:54.162401 - Found CVD$.jcl (text/plain) in CBT.V508.FILE168.PDS, moved to PDS/CVD$
2025-04-04 05:23:54.162517 - Found CVD#.txt (text/plain) in CBT.V508.FILE168.PDS, moved to PDS/CVD#
2025-04-04 05:23:54.162647 - Found CVX.txt (text/plain) in CBT.V508.FILE168.PDS, moved to PDS/CVX
2025-04-04 05:23:54.162778 - Found CVX$.jcl (text/plain) in CBT.V508.FILE168.PDS, moved to PDS/CVX$
2025-04-04 05:23:54.162886 - Found CVX#.txt (text/plain) in CBT.V508.FILE168.PDS, moved to PDS/CVX#
2025-04-04 05:23:54.163010 - Found DSPRINT.txt (text/plain) in CBT.V508.FILE168.PDS, moved to PDS/DSPRINT
2025-04-04 05:23:54.163121 - Found DSPRINT#.txt (text/plain) in CBT.V508.FILE168.PDS, moved to PDS/DSPRINT#
2025-04-04 05:23:54.163243 - Found FINDAZAP.txt (text/plain) in CBT.V508.FILE168.PDS, moved to PDS/FINDAZAP
2025-04-04 05:23:54.163385 - Found MEMBER.txt (text/plain) in CBT.V508.FILE168.PDS, moved to PDS/MEMBER
2025-04-04 05:23:54.163523 - Found MEMBER$.jcl (text/plain) in CBT.V508.FILE168.PDS, moved to PDS/MEMBER$
2025-04-04 05:23:54.163639 - Found MEMBER#.txt (text/plain) in CBT.V508.FILE168.PDS, moved to PDS/MEMBER#
2025-04-04 05:23:54.163771 - Found SHOWDS.txt (text/plain) in CBT.V508.FILE168.PDS, moved to PDS/SHOWDS
2025-04-04 05:23:54.163886 - Found SHOWDS$.jcl (text/plain) in CBT.V508.FILE168.PDS, moved to PDS/SHOWDS$
2025-04-04 05:23:54.163995 - Found SHOWDS#.txt (text/plain) in CBT.V508.FILE168.PDS, moved to PDS/SHOWDS#
2025-04-04 05:23:54.164103 - Found ULXDOC.txt (text/plain) in CBT.V508.FILE168.PDS, moved to PDS/ULXDOC
2025-04-04 05:23:54.164212 - Found ULXH02.txt (text/plain) in CBT.V508.FILE168.PDS, moved to PDS/ULXH02
2025-04-04 05:23:54.164319 - Found ULXJ01.jcl (text/plain) in CBT.V508.FILE168.PDS, moved to PDS/ULXJ01
2025-04-04 05:23:54.164450 - Found ULXL01.txt (text/plain) in CBT.V508.FILE168.PDS, moved to PDS/ULXL01
2025-04-04 05:23:54.164558 - Found ULXM01.txt (text/plain) in CBT.V508.FILE168.PDS, moved to PDS/ULXM01
2025-04-04 05:23:54.164664 - Found ULXP01.txt (text/plain) in CBT.V508.FILE168.PDS, moved to PDS/ULXP01
2025-04-04 05:23:54.164789 - Found ULXP02.txt (text/plain) in CBT.V508.FILE168.PDS, moved to PDS/ULXP02
2025-04-04 05:23:54.164896 - Found ULXP03.txt (text/plain) in CBT.V508.FILE168.PDS, moved to PDS/ULXP03
2025-04-04 05:23:54.165014 - Found XBE.txt (text/plain) in CBT.V508.FILE168.PDS, moved to PDS/XBE
2025-04-04 05:23:54.165175 - Found XBE$.jcl (text/plain) in CBT.V508.FILE168.PDS, moved to PDS/XBE$
2025-04-04 05:23:54.165311 - Found XBEDOC.txt (text/plain) in CBT.V508.FILE168.PDS, moved to PDS/XBEDOC
